c:\users\scott\documents\uni\abertay\cmp505\assignment\engine\engine\debug\vc141.pdb
c:\users\scott\documents\uni\abertay\cmp505\assignment\engine\engine\debug\vc141.idb
c:\users\scott\documents\uni\abertay\cmp505\assignment\engine\engine\debug\model.obj
c:\users\scott\documents\uni\abertay\cmp505\assignment\engine\engine\debug\main.obj
c:\users\scott\documents\uni\abertay\cmp505\assignment\engine\engine\debug\reflectshader.obj
c:\users\scott\documents\uni\abertay\cmp505\assignment\engine\engine\debug\quad.obj
c:\users\scott\documents\uni\abertay\cmp505\assignment\engine\engine\debug\proceduralscene.obj
c:\users\scott\documents\uni\abertay\cmp505\assignment\engine\engine\debug\ltreeshader.obj
c:\users\scott\documents\uni\abertay\cmp505\assignment\engine\engine\debug\ltree.obj
c:\users\scott\documents\uni\abertay\cmp505\assignment\engine\engine\debug\lightshader.obj
c:\users\scott\documents\uni\abertay\cmp505\assignment\engine\engine\debug\light.obj
c:\users\scott\documents\uni\abertay\cmp505\assignment\engine\engine\debug\l-system.obj
c:\users\scott\documents\uni\abertay\cmp505\assignment\engine\engine\debug\input.obj
c:\users\scott\documents\uni\abertay\cmp505\assignment\engine\engine\debug\improvednoise.obj
c:\users\scott\documents\uni\abertay\cmp505\assignment\engine\engine\debug\graphics.obj
c:\users\scott\documents\uni\abertay\cmp505\assignment\engine\engine\debug\fontshader.obj
c:\users\scott\documents\uni\abertay\cmp505\assignment\engine\engine\debug\font.obj
c:\users\scott\documents\uni\abertay\cmp505\assignment\engine\engine\debug\ddstextureloader.obj
c:\users\scott\documents\uni\abertay\cmp505\assignment\engine\engine\debug\d3d.obj
c:\users\scott\documents\uni\abertay\cmp505\assignment\engine\engine\debug\cylinder.obj
c:\users\scott\documents\uni\abertay\cmp505\assignment\engine\engine\debug\cubemape.obj
c:\users\scott\documents\uni\abertay\cmp505\assignment\engine\engine\debug\camera.obj
c:\users\scott\documents\uni\abertay\cmp505\assignment\engine\engine\debug\winterreflection.obj
c:\users\scott\documents\uni\abertay\cmp505\assignment\engine\engine\debug\textureshader.obj
c:\users\scott\documents\uni\abertay\cmp505\assignment\engine\engine\debug\text.obj
c:\users\scott\documents\uni\abertay\cmp505\assignment\engine\engine\debug\terrainshader.obj
c:\users\scott\documents\uni\abertay\cmp505\assignment\engine\engine\debug\terrain.obj
c:\users\scott\documents\uni\abertay\cmp505\assignment\engine\engine\debug\system.obj
c:\users\scott\documents\uni\abertay\cmp505\assignment\engine\engine\debug\sound.obj
c:\users\scott\documents\uni\abertay\cmp505\assignment\engine\engine\debug\skysphereshader.obj
c:\users\scott\documents\uni\abertay\cmp505\assignment\engine\engine\debug\shadermanager.obj
c:\users\scott\documents\uni\abertay\cmp505\assignment\engine\engine\debug\shader.obj
c:\users\scott\documents\uni\abertay\cmp505\assignment\engine\engine\debug\scene.obj
c:\users\scott\documents\uni\abertay\cmp505\assignment\engine\engine\debug\resourcemanager.obj
c:\users\scott\documents\uni\abertay\cmp505\assignment\engine\debug\engine.exe
c:\users\scott\documents\uni\abertay\cmp505\assignment\engine\debug\engine.ilk
c:\users\scott\documents\uni\abertay\cmp505\assignment\engine\debug\engine.pdb
c:\users\scott\documents\uni\abertay\cmp505\assignment\engine\engine\debug\engine.tlog\cl.command.1.tlog
c:\users\scott\documents\uni\abertay\cmp505\assignment\engine\engine\debug\engine.tlog\cl.read.1.tlog
c:\users\scott\documents\uni\abertay\cmp505\assignment\engine\engine\debug\engine.tlog\cl.write.1.tlog
c:\users\scott\documents\uni\abertay\cmp505\assignment\engine\engine\debug\engine.tlog\link.command.1.tlog
c:\users\scott\documents\uni\abertay\cmp505\assignment\engine\engine\debug\engine.tlog\link.read.1.tlog
c:\users\scott\documents\uni\abertay\cmp505\assignment\engine\engine\debug\engine.tlog\link.write.1.tlog
