  Cylinder.cpp
c:\users\scott\documents\uni\abertay\cmp505\assignment\engine\engine\cylinder.cpp(11): warning C4244: 'argument': conversion from 'int' to 'float', possible loss of data
c:\users\scott\documents\uni\abertay\cmp505\assignment\engine\engine\cylinder.cpp(121): warning C4018: '<': signed/unsigned mismatch
c:\users\scott\documents\uni\abertay\cmp505\assignment\engine\engine\cylinder.cpp(140): warning C4018: '<': signed/unsigned mismatch
  Graphics.cpp
c:\users\scott\documents\uni\abertay\cmp505\assignment\engine\engine\graphics.cpp(47): warning C4316: 'D3D': object allocated on the heap may not be aligned 16
c:\users\scott\documents\uni\abertay\cmp505\assignment\engine\engine\graphics.cpp(62): warning C4316: 'ProceduralScene': object allocated on the heap may not be aligned 16
c:\users\scott\documents\uni\abertay\cmp505\assignment\engine\engine\graphics.cpp(71): warning C4316: 'Text': object allocated on the heap may not be aligned 16
  LTree.cpp
c:\users\scott\documents\uni\abertay\cmp505\assignment\engine\engine\ltree.cpp(200): warning C4316: 'Model': object allocated on the heap may not be aligned 16
c:\users\scott\documents\uni\abertay\cmp505\assignment\engine\engine\ltree.cpp(278): warning C4316: 'Model': object allocated on the heap may not be aligned 16
  LTreeShader.cpp
  LightShader.cpp
c:\users\scott\documents\uni\abertay\cmp505\assignment\engine\engine\lightshader.cpp(48): warning C4101: 'matrixBufferDesc': unreferenced local variable
  Model.cpp
c:\users\scott\documents\uni\abertay\cmp505\assignment\engine\engine\model.cpp(98): warning C4018: '<': signed/unsigned mismatch
c:\users\scott\documents\uni\abertay\cmp505\assignment\engine\engine\model.cpp(206): warning C4101: 'vec3f': unreferenced local variable
c:\users\scott\documents\uni\abertay\cmp505\assignment\engine\engine\model.cpp(195): warning C4101: 'tVec1': unreferenced local variable
c:\users\scott\documents\uni\abertay\cmp505\assignment\engine\engine\model.cpp(195): warning C4101: 'tVec2': unreferenced local variable
  ProceduralScene.cpp
c:\users\scott\documents\uni\abertay\cmp505\assignment\engine\engine\proceduralscene.cpp(10): warning C4018: '<': signed/unsigned mismatch
c:\users\scott\documents\uni\abertay\cmp505\assignment\engine\engine\proceduralscene.cpp(12): warning C4316: 'LTree': object allocated on the heap may not be aligned 16
c:\users\scott\documents\uni\abertay\cmp505\assignment\engine\engine\proceduralscene.cpp(57): warning C4244: 'argument': conversion from 'float' to 'int', possible loss of data
c:\users\scott\documents\uni\abertay\cmp505\assignment\engine\engine\proceduralscene.cpp(57): warning C4316: 'Terrain': object allocated on the heap may not be aligned 16
c:\users\scott\documents\uni\abertay\cmp505\assignment\engine\engine\proceduralscene.cpp(181): warning C4244: '=': conversion from 'float' to 'UINT', possible loss of data
c:\users\scott\documents\uni\abertay\cmp505\assignment\engine\engine\proceduralscene.cpp(182): warning C4244: '=': conversion from 'float' to 'UINT', possible loss of data
c:\users\scott\documents\uni\abertay\cmp505\assignment\engine\engine\proceduralscene.cpp(219): warning C4244: 'argument': conversion from 'float' to 'int', possible loss of data
c:\users\scott\documents\uni\abertay\cmp505\assignment\engine\engine\proceduralscene.cpp(219): warning C4316: 'Quad': object allocated on the heap may not be aligned 16
c:\users\scott\documents\uni\abertay\cmp505\assignment\engine\engine\proceduralscene.cpp(279): warning C4244: 'initializing': conversion from 'double' to 'float', possible loss of data
c:\users\scott\documents\uni\abertay\cmp505\assignment\engine\engine\proceduralscene.cpp(282): warning C4244: 'initializing': conversion from 'double' to 'float', possible loss of data
  ReflectShader.cpp
  ResourceManager.cpp
c:\users\scott\documents\uni\abertay\cmp505\assignment\engine\engine\resourcemanager.cpp(39): warning C4101: 'result': unreferenced local variable
c:\users\scott\documents\uni\abertay\cmp505\assignment\engine\engine\resourcemanager.cpp(167): warning C4101: 'filename': unreferenced local variable
c:\users\scott\documents\uni\abertay\cmp505\assignment\engine\engine\resourcemanager.cpp(263): warning C4316: 'Model': object allocated on the heap may not be aligned 16
  Scene.cpp
c:\users\scott\documents\uni\abertay\cmp505\assignment\engine\engine\scene.cpp(43): warning C4316: 'Camera': object allocated on the heap may not be aligned 16
  ShaderManager.cpp
  SkySphereShader.cpp
c:\users\scott\documents\uni\abertay\cmp505\assignment\engine\engine\skysphereshader.cpp(28): warning C4101: 'matrixBufferDesc': unreferenced local variable
c:\users\scott\documents\uni\abertay\cmp505\assignment\engine\engine\skysphereshader.cpp(29): warning C4101: 'gradientBufferDesc': unreferenced local variable
c:\users\scott\documents\uni\abertay\cmp505\assignment\engine\engine\skysphereshader.cpp(101): warning C4101: 'bufferNumber': unreferenced local variable
c:\users\scott\documents\uni\abertay\cmp505\assignment\engine\engine\skysphereshader.cpp(99): warning C4101: 'res': unreferenced local variable
c:\users\scott\documents\uni\abertay\cmp505\assignment\engine\engine\skysphereshader.cpp(100): warning C4101: 'mappedResource': unreferenced local variable
  System.cpp
c:\users\scott\documents\uni\abertay\cmp505\assignment\engine\engine\system.cpp(54): warning C4316: 'Graphics': object allocated on the heap may not be aligned 16
  Text.cpp
  WinterReflection.cpp
c:\users\scott\documents\uni\abertay\cmp505\assignment\engine\engine\winterreflection.cpp(37): warning C4316: 'Cubemap': object allocated on the heap may not be aligned 16
  main.cpp
  Generating Code...
c:\users\scott\documents\uni\abertay\cmp505\assignment\engine\engine\resourcemanager.cpp(251): warning C4700: uninitialized local variable 'texture2' used
  Engine.vcxproj -> C:\Users\Scott\Documents\Uni\Abertay\CMP505\Assignment\Engine\Debug\Engine.exe
