  ProceduralScene.cpp
c:\users\scott\documents\uni\msc\cmp505\assignment\engine\engine\proceduralscene.cpp(6): warning C4244: 'argument': conversion from 'time_t' to 'unsigned int', possible loss of data
c:\users\scott\documents\uni\msc\cmp505\assignment\engine\engine\proceduralscene.cpp(22): warning C4018: '<': signed/unsigned mismatch
c:\users\scott\documents\uni\msc\cmp505\assignment\engine\engine\proceduralscene.cpp(24): warning C4316: 'LTree': object allocated on the heap may not be aligned 16
c:\users\scott\documents\uni\msc\cmp505\assignment\engine\engine\proceduralscene.cpp(81): warning C4244: 'argument': conversion from 'float' to 'int', possible loss of data
c:\users\scott\documents\uni\msc\cmp505\assignment\engine\engine\proceduralscene.cpp(81): warning C4316: 'Terrain': object allocated on the heap may not be aligned 16
c:\users\scott\documents\uni\msc\cmp505\assignment\engine\engine\proceduralscene.cpp(97): warning C4316: 'Camera': object allocated on the heap may not be aligned 16
c:\users\scott\documents\uni\msc\cmp505\assignment\engine\engine\proceduralscene.cpp(101): warning C4316: 'Text': object allocated on the heap may not be aligned 16
c:\users\scott\documents\uni\msc\cmp505\assignment\engine\engine\proceduralscene.cpp(236): warning C4244: '=': conversion from 'float' to 'UINT', possible loss of data
c:\users\scott\documents\uni\msc\cmp505\assignment\engine\engine\proceduralscene.cpp(237): warning C4244: '=': conversion from 'float' to 'UINT', possible loss of data
c:\users\scott\documents\uni\msc\cmp505\assignment\engine\engine\proceduralscene.cpp(251): warning C4244: '=': conversion from 'double' to 'UINT', possible loss of data
c:\users\scott\documents\uni\msc\cmp505\assignment\engine\engine\proceduralscene.cpp(252): warning C4244: '=': conversion from 'double' to 'UINT', possible loss of data
c:\users\scott\documents\uni\msc\cmp505\assignment\engine\engine\proceduralscene.cpp(302): warning C4244: 'argument': conversion from 'float' to 'int', possible loss of data
c:\users\scott\documents\uni\msc\cmp505\assignment\engine\engine\proceduralscene.cpp(302): warning C4316: 'Quad': object allocated on the heap may not be aligned 16
c:\users\scott\documents\uni\msc\cmp505\assignment\engine\engine\proceduralscene.cpp(306): warning C4244: 'argument': conversion from 'double' to 'int', possible loss of data
c:\users\scott\documents\uni\msc\cmp505\assignment\engine\engine\proceduralscene.cpp(306): warning C4316: 'Quad': object allocated on the heap may not be aligned 16
c:\users\scott\documents\uni\msc\cmp505\assignment\engine\engine\proceduralscene.cpp(311): warning C4244: 'argument': conversion from 'double' to 'float', possible loss of data
c:\users\scott\documents\uni\msc\cmp505\assignment\engine\engine\proceduralscene.cpp(386): warning C4244: 'initializing': conversion from 'double' to 'float', possible loss of data
c:\users\scott\documents\uni\msc\cmp505\assignment\engine\engine\proceduralscene.cpp(389): warning C4244: 'initializing': conversion from 'double' to 'float', possible loss of data
LINK : warning LNK4075: ignoring '/INCREMENTAL' due to '/LTCG' specification
  Generating code
  4 of 1972 functions ( 0.2%) were compiled, the rest were copied from previous compilation.
    0 functions were new in current compilation
    0 functions had inline decision re-evaluated but remain unchanged
  Finished generating code
  Engine.vcxproj -> C:\Users\Scott\Documents\Uni\MSc\CMP505\Assignment\Engine\Engine\Release\Engine.exe
